<?xml version="1.0" encoding="UTF-8"?>
<!-- Generated by org.testng.reporters.JUnitReportReporter -->
<testsuite hostname="VenkataathysMBP.attlocal.net" failures="0" tests="5" name="ci_cd.github_actions.SeleniumWebTest" time="7.914" errors="0" timestamp="2022-12-17T19:14:30 EST" skipped="0">
  <testcase classname="ci_cd.github_actions.SeleniumWebTest" name="launchBing" time="1.962"/>
  <system-out/>
  <testcase classname="ci_cd.github_actions.SeleniumWebTest" name="launchGoogle" time="1.868"/>
  <system-out/>
  <testcase classname="ci_cd.github_actions.SeleniumWebTest" name="launchFacebook" time="1.648"/>
  <system-out/>
  <testcase classname="ci_cd.github_actions.SeleniumWebTest" name="launchYahoo" time="0.421"/>
  <system-out/>
  <testcase classname="ci_cd.github_actions.SeleniumWebTest" name="launchApple" time="2.015"/>
  <system-out/>
</testsuite> <!-- ci_cd.github_actions.SeleniumWebTest -->
