<?xml version="1.0" encoding="UTF-8"?>
<!-- Generated by org.testng.reporters.JUnitReportReporter -->
<testsuite hostname="VenkataathysMBP.lan" failures="0" tests="5" name="ci_cd.github_actions.SeleniumWebTest" time="13.460" errors="0" timestamp="02 Aug 2022 16:53:30 GMT" skipped="0">
  <testcase classname="ci_cd.github_actions.SeleniumWebTest" name="launchApple" time="4.409"/>
  <testcase classname="ci_cd.github_actions.SeleniumWebTest" name="launchFacebook" time="2.874"/>
  <testcase classname="ci_cd.github_actions.SeleniumWebTest" name="launchYahoo" time="2.005"/>
  <testcase classname="ci_cd.github_actions.SeleniumWebTest" name="launchGoogle" time="3.654"/>
  <testcase classname="ci_cd.github_actions.SeleniumWebTest" name="launchBing" time="0.518"/>
</testsuite> <!-- ci_cd.github_actions.SeleniumWebTest -->
