<?xml version="1.0" encoding="UTF-8"?>
<!-- Generated by org.testng.reporters.JUnitReportReporter -->
<testsuite hostname="VenkataathysMBP.attlocal.net" failures="0" tests="5" name="ci_cd.github_actions.SeleniumWebTest" time="5.563" errors="0" timestamp="2022-12-17T19:36:15 EST" skipped="0">
  <testcase classname="ci_cd.github_actions.SeleniumWebTest" name="launchBing" time="0.650"/>
  <system-out/>
  <testcase classname="ci_cd.github_actions.SeleniumWebTest" name="launchGoogle" time="1.421"/>
  <system-out/>
  <testcase classname="ci_cd.github_actions.SeleniumWebTest" name="launchApple" time="1.725"/>
  <system-out/>
  <testcase classname="ci_cd.github_actions.SeleniumWebTest" name="launchYahoo" time="0.353"/>
  <system-out/>
  <testcase classname="ci_cd.github_actions.SeleniumWebTest" name="launchFacebook" time="1.414"/>
  <system-out/>
</testsuite> <!-- ci_cd.github_actions.SeleniumWebTest -->
